0 info it worked if it ends with ok
1 verbose cli [ '/home/gg/.nvm/versions/node/v5.3.0/bin/node',
1 verbose cli   '/home/gg/.nvm/versions/node/v5.3.0/bin/npm',
1 verbose cli   'run',
1 verbose cli   'server' ]
2 info using npm@3.3.12
3 info using node@v5.3.0
4 verbose run-script [ 'preserver', 'server', 'postserver' ]
5 info lifecycle service-man@1.0.0~preserver: service-man@1.0.0
6 silly lifecycle service-man@1.0.0~preserver: no script for preserver, continuing
7 info lifecycle service-man@1.0.0~server: service-man@1.0.0
8 verbose lifecycle service-man@1.0.0~server: unsafe-perm in lifecycle true
9 verbose lifecycle service-man@1.0.0~server: PATH: /home/gg/.nvm/versions/node/v5.3.0/lib/node_modules/npm/bin/node-gyp-bin:/home/gg/workspace/smartconn/service-man/node_modules/.bin:/home/gg/.nvm/versions/node/v5.3.0/bin:/home/gg/bin:/usr/local/bin:/usr/bin:/bin:/usr/bin/X11:/usr/games:/home/gg/lib/android-sdk-linux/tools:/home/gg/lib/android-sdk-linux/platform-tools:/home/gg/.composer/vendor/bin:/home/gg/Applications/Sencha/Cmd:/home/gg/.local/bin:/home/gg/package/dnscrypt-proxy/bin:/home/gg/package/dnscrypt-proxy/sbin:/home/gg/package/shadowsocks-libev/bin
10 verbose lifecycle service-man@1.0.0~server: CWD: /home/gg/workspace/smartconn/service-man
11 silly lifecycle service-man@1.0.0~server: Args: [ '-c', 'json-server --static ./public --watch db.json' ]
12 silly lifecycle service-man@1.0.0~server: Returned: code: 1  signal: null
13 info lifecycle service-man@1.0.0~server: Failed to exec server script
14 verbose stack Error: service-man@1.0.0 server: `json-server --static ./public --watch db.json`
14 verbose stack Exit status 1
14 verbose stack     at EventEmitter.<anonymous> (/home/gg/.nvm/versions/node/v5.3.0/lib/node_modules/npm/lib/utils/lifecycle.js:232:16)
14 verbose stack     at emitTwo (events.js:87:13)
14 verbose stack     at EventEmitter.emit (events.js:172:7)
14 verbose stack     at ChildProcess.<anonymous> (/home/gg/.nvm/versions/node/v5.3.0/lib/node_modules/npm/lib/utils/spawn.js:24:14)
14 verbose stack     at emitTwo (events.js:87:13)
14 verbose stack     at ChildProcess.emit (events.js:172:7)
14 verbose stack     at maybeClose (internal/child_process.js:818:16)
14 verbose stack     at Process.ChildProcess._handle.onexit (internal/child_process.js:211:5)
15 verbose pkgid service-man@1.0.0
16 verbose cwd /home/gg/workspace/smartconn/service-man
17 error Linux 4.1.15-8-default
18 error argv "/home/gg/.nvm/versions/node/v5.3.0/bin/node" "/home/gg/.nvm/versions/node/v5.3.0/bin/npm" "run" "server"
19 error node v5.3.0
20 error npm  v3.3.12
21 error code ELIFECYCLE
22 error service-man@1.0.0 server: `json-server --static ./public --watch db.json`
22 error Exit status 1
23 error Failed at the service-man@1.0.0 server script 'json-server --static ./public --watch db.json'.
23 error Make sure you have the latest version of node.js and npm installed.
23 error If you do, this is most likely a problem with the service-man package,
23 error not with npm itself.
23 error Tell the author that this fails on your system:
23 error     json-server --static ./public --watch db.json
23 error You can get their info via:
23 error     npm owner ls service-man
23 error There is likely additional logging output above.
24 verbose exit [ 1, true ]
